Creating scope :_name. Overwriting existing method TestApplicationRecord._name.
Creating scope :_name. Overwriting existing method TestApplicationRecord._name.
Creating scope :_name. Overwriting existing method TestApplicationRecord._name.
Creating scope :_name. Overwriting existing method TestApplicationRecord._name.
  [1m[35m (0.1ms)[0m  [1m[34mSELECT sqlite_version(*)[0m
  ↳ /home/aaron/.rvm/gems/ruby-2.5.3/bin/rake:23
  [1m[35m (102.8ms)[0m  [1m[35mCREATE TABLE "schema_migrations" ("version" varchar NOT NULL PRIMARY KEY)[0m
  ↳ /home/aaron/.rvm/gems/ruby-2.5.3/bin/rake:23
  [1m[35m (73.6ms)[0m  [1m[35mCREATE TABLE "ar_internal_metadata" ("key" varchar NOT NULL PRIMARY KEY, "value" varchar, "created_at" datetime NOT NULL, "updated_at" datetime NOT NULL)[0m
  ↳ /home/aaron/.rvm/gems/ruby-2.5.3/bin/rake:23
  [1m[35m (0.1ms)[0m  [1m[34mSELECT "schema_migrations"."version" FROM "schema_migrations" ORDER BY "schema_migrations"."version" ASC[0m
  ↳ /home/aaron/.rvm/gems/ruby-2.5.3/bin/rake:23
Migrating to EnableUuidExtension (20170101000000)
  [1m[35m (0.1ms)[0m  [1m[36mbegin transaction[0m
  ↳ /home/aaron/.rvm/gems/ruby-2.5.3/bin/rake:23
  [1m[36mActiveRecord::SchemaMigration Create (0.2ms)[0m  [1m[32mINSERT INTO "schema_migrations" ("version") VALUES (?)[0m  [["version", "20170101000000"]]
  ↳ /home/aaron/.rvm/gems/ruby-2.5.3/bin/rake:23
  [1m[35m (76.0ms)[0m  [1m[36mcommit transaction[0m
  ↳ /home/aaron/.rvm/gems/ruby-2.5.3/bin/rake:23
Migrating to CreateUsers (20190301065926)
  [1m[35m (0.0ms)[0m  [1m[36mbegin transaction[0m
  ↳ /home/aaron/.rvm/gems/ruby-2.5.3/bin/rake:23
  [1m[35m (0.2ms)[0m  [1m[35mCREATE TABLE "users" ("id" integer PRIMARY KEY AUTOINCREMENT NOT NULL, "name" varchar, "email" varchar, "created_at" datetime NOT NULL, "updated_at" datetime NOT NULL)[0m
  ↳ db/migrate/20190301065926_create_users.rb:3
  [1m[36mActiveRecord::SchemaMigration Create (0.1ms)[0m  [1m[32mINSERT INTO "schema_migrations" ("version") VALUES (?)[0m  [["version", "20190301065926"]]
  ↳ /home/aaron/.rvm/gems/ruby-2.5.3/bin/rake:23
  [1m[35m (102.9ms)[0m  [1m[36mcommit transaction[0m
  ↳ /home/aaron/.rvm/gems/ruby-2.5.3/bin/rake:23
  [1m[36mActiveRecord::InternalMetadata Load (0.1ms)[0m  [1m[34mSELECT  "ar_internal_metadata".* FROM "ar_internal_metadata" WHERE "ar_internal_metadata"."key" = ? LIMIT ?[0m  [["key", "environment"], ["LIMIT", 1]]
  ↳ /home/aaron/.rvm/gems/ruby-2.5.3/bin/rake:23
  [1m[35m (0.0ms)[0m  [1m[36mbegin transaction[0m
  ↳ /home/aaron/.rvm/gems/ruby-2.5.3/bin/rake:23
  [1m[36mActiveRecord::InternalMetadata Create (0.1ms)[0m  [1m[32mINSERT INTO "ar_internal_metadata" ("key", "value", "created_at", "updated_at") VALUES (?, ?, ?, ?)[0m  [["key", "environment"], ["value", "development"], ["created_at", "2019-03-01 07:18:04.499691"], ["updated_at", "2019-03-01 07:18:04.499691"]]
  ↳ /home/aaron/.rvm/gems/ruby-2.5.3/bin/rake:23
  [1m[35m (81.2ms)[0m  [1m[36mcommit transaction[0m
  ↳ /home/aaron/.rvm/gems/ruby-2.5.3/bin/rake:23
  [1m[35m (0.1ms)[0m  [1m[34mSELECT "schema_migrations"."version" FROM "schema_migrations" ORDER BY "schema_migrations"."version" ASC[0m
  ↳ /home/aaron/.rvm/gems/ruby-2.5.3/bin/rake:23
  [1m[35m (0.0ms)[0m  [1m[36mbegin transaction[0m
  ↳ /home/aaron/Documents/Code/rails/filteron/spec/filteron_spec.rb:31
  [1m[36mUser Create (0.2ms)[0m  [1m[32mINSERT INTO "users" ("name", "email", "created_at", "updated_at") VALUES (?, ?, ?, ?)[0m  [["name", "Alice"], ["email", "alice@email.com"], ["created_at", "2019-03-01 07:27:43.277264"], ["updated_at", "2019-03-01 07:27:43.277264"]]
  ↳ /home/aaron/Documents/Code/rails/filteron/spec/filteron_spec.rb:31
  [1m[35m (92.5ms)[0m  [1m[36mcommit transaction[0m
  ↳ /home/aaron/Documents/Code/rails/filteron/spec/filteron_spec.rb:31
  [1m[35m (0.0ms)[0m  [1m[36mbegin transaction[0m
  ↳ /home/aaron/Documents/Code/rails/filteron/spec/filteron_spec.rb:32
  [1m[36mUser Create (0.1ms)[0m  [1m[32mINSERT INTO "users" ("name", "email", "created_at", "updated_at") VALUES (?, ?, ?, ?)[0m  [["name", "Bob"], ["email", "bob@email.com"], ["created_at", "2019-03-01 07:27:43.374486"], ["updated_at", "2019-03-01 07:27:43.374486"]]
  ↳ /home/aaron/Documents/Code/rails/filteron/spec/filteron_spec.rb:32
  [1m[35m (229.6ms)[0m  [1m[36mcommit transaction[0m
  ↳ /home/aaron/Documents/Code/rails/filteron/spec/filteron_spec.rb:32
  [1m[36mUser Load (0.3ms)[0m  [1m[34mSELECT "users".* FROM "users" WHERE (email LIKE '%bob%')[0m
  ↳ /home/aaron/Documents/Code/rails/filteron/spec/filteron_spec.rb:35
  [1m[35m (0.0ms)[0m  [1m[36mbegin transaction[0m
  ↳ /home/aaron/Documents/Code/rails/filteron/spec/filteron_spec.rb:31
  [1m[36mUser Create (0.3ms)[0m  [1m[32mINSERT INTO "users" ("name", "email", "created_at", "updated_at") VALUES (?, ?, ?, ?)[0m  [["name", "Alice"], ["email", "alice@email.com"], ["created_at", "2019-03-01 07:28:30.949358"], ["updated_at", "2019-03-01 07:28:30.949358"]]
  ↳ /home/aaron/Documents/Code/rails/filteron/spec/filteron_spec.rb:31
  [1m[35m (92.3ms)[0m  [1m[36mcommit transaction[0m
  ↳ /home/aaron/Documents/Code/rails/filteron/spec/filteron_spec.rb:31
  [1m[35m (0.0ms)[0m  [1m[36mbegin transaction[0m
  ↳ /home/aaron/Documents/Code/rails/filteron/spec/filteron_spec.rb:32
  [1m[36mUser Create (0.2ms)[0m  [1m[32mINSERT INTO "users" ("name", "email", "created_at", "updated_at") VALUES (?, ?, ?, ?)[0m  [["name", "Bob"], ["email", "bob@email.com"], ["created_at", "2019-03-01 07:28:31.046648"], ["updated_at", "2019-03-01 07:28:31.046648"]]
  ↳ /home/aaron/Documents/Code/rails/filteron/spec/filteron_spec.rb:32
  [1m[35m (73.7ms)[0m  [1m[36mcommit transaction[0m
  ↳ /home/aaron/Documents/Code/rails/filteron/spec/filteron_spec.rb:32
  [1m[36mUser Load (0.1ms)[0m  [1m[34mSELECT "users".* FROM "users" WHERE (email LIKE '%bob%')[0m
  ↳ /home/aaron/Documents/Code/rails/filteron/spec/filteron_spec.rb:35
  [1m[35m (0.0ms)[0m  [1m[36mbegin transaction[0m
  ↳ /home/aaron/Documents/Code/rails/filteron/spec/filteron_spec.rb:31
  [1m[36mUser Create (0.2ms)[0m  [1m[32mINSERT INTO "users" ("name", "email", "created_at", "updated_at") VALUES (?, ?, ?, ?)[0m  [["name", "Alice"], ["email", "alice@email.com"], ["created_at", "2019-03-01 07:28:41.406422"], ["updated_at", "2019-03-01 07:28:41.406422"]]
  ↳ /home/aaron/Documents/Code/rails/filteron/spec/filteron_spec.rb:31
  [1m[35m (53.7ms)[0m  [1m[36mcommit transaction[0m
  ↳ /home/aaron/Documents/Code/rails/filteron/spec/filteron_spec.rb:31
  [1m[35m (0.0ms)[0m  [1m[36mbegin transaction[0m
  ↳ /home/aaron/Documents/Code/rails/filteron/spec/filteron_spec.rb:32
  [1m[36mUser Create (0.1ms)[0m  [1m[32mINSERT INTO "users" ("name", "email", "created_at", "updated_at") VALUES (?, ?, ?, ?)[0m  [["name", "Bob"], ["email", "bob@email.com"], ["created_at", "2019-03-01 07:28:41.464429"], ["updated_at", "2019-03-01 07:28:41.464429"]]
  ↳ /home/aaron/Documents/Code/rails/filteron/spec/filteron_spec.rb:32
  [1m[35m (65.4ms)[0m  [1m[36mcommit transaction[0m
  ↳ /home/aaron/Documents/Code/rails/filteron/spec/filteron_spec.rb:32
  [1m[36mUser Load (0.1ms)[0m  [1m[34mSELECT "users".* FROM "users" WHERE (email LIKE '%bob%')[0m
  ↳ /home/aaron/Documents/Code/rails/filteron/spec/filteron_spec.rb:35
  [1m[35m (0.0ms)[0m  [1m[36mbegin transaction[0m
  ↳ /home/aaron/Documents/Code/rails/filteron/spec/filteron_spec.rb:31
  [1m[36mUser Create (0.2ms)[0m  [1m[32mINSERT INTO "users" ("name", "email", "created_at", "updated_at") VALUES (?, ?, ?, ?)[0m  [["name", "Alice"], ["email", "alice@email.com"], ["created_at", "2019-03-01 07:28:56.056766"], ["updated_at", "2019-03-01 07:28:56.056766"]]
  ↳ /home/aaron/Documents/Code/rails/filteron/spec/filteron_spec.rb:31
  [1m[35m (95.9ms)[0m  [1m[36mcommit transaction[0m
  ↳ /home/aaron/Documents/Code/rails/filteron/spec/filteron_spec.rb:31
  [1m[35m (0.0ms)[0m  [1m[36mbegin transaction[0m
  ↳ /home/aaron/Documents/Code/rails/filteron/spec/filteron_spec.rb:32
  [1m[36mUser Create (0.2ms)[0m  [1m[32mINSERT INTO "users" ("name", "email", "created_at", "updated_at") VALUES (?, ?, ?, ?)[0m  [["name", "Bob"], ["email", "bob@email.com"], ["created_at", "2019-03-01 07:28:56.157841"], ["updated_at", "2019-03-01 07:28:56.157841"]]
  ↳ /home/aaron/Documents/Code/rails/filteron/spec/filteron_spec.rb:32
  [1m[35m (90.3ms)[0m  [1m[36mcommit transaction[0m
  ↳ /home/aaron/Documents/Code/rails/filteron/spec/filteron_spec.rb:32
  [1m[36mUser Load (0.1ms)[0m  [1m[34mSELECT "users".* FROM "users" WHERE (email LIKE '%bob%')[0m
  ↳ /home/aaron/Documents/Code/rails/filteron/spec/filteron_spec.rb:35
  [1m[36mUser Destroy (145.3ms)[0m  [1m[31mDELETE FROM "users"[0m
  ↳ /home/aaron/Documents/Code/rails/filteron/spec/spec_helper.rb:22
  [1m[36mUser Destroy (229.4ms)[0m  [1m[31mDELETE FROM "users"[0m
  ↳ /home/aaron/Documents/Code/rails/filteron/spec/spec_helper.rb:22
  [1m[36mUser Destroy (95.7ms)[0m  [1m[31mDELETE FROM "users"[0m
  ↳ /home/aaron/Documents/Code/rails/filteron/spec/spec_helper.rb:22
  [1m[36mUser Destroy (88.4ms)[0m  [1m[31mDELETE FROM "users"[0m
  ↳ /home/aaron/Documents/Code/rails/filteron/spec/spec_helper.rb:22
  [1m[36mUser Destroy (99.3ms)[0m  [1m[31mDELETE FROM "users"[0m
  ↳ /home/aaron/Documents/Code/rails/filteron/spec/spec_helper.rb:22
  [1m[36mUser Destroy (99.3ms)[0m  [1m[31mDELETE FROM "users"[0m
  ↳ /home/aaron/Documents/Code/rails/filteron/spec/spec_helper.rb:22
  [1m[35m (0.1ms)[0m  [1m[36mbegin transaction[0m
  ↳ /home/aaron/Documents/Code/rails/filteron/spec/filteron_spec.rb:31
  [1m[36mUser Create (0.3ms)[0m  [1m[32mINSERT INTO "users" ("name", "email", "created_at", "updated_at") VALUES (?, ?, ?, ?)[0m  [["name", "Alice"], ["email", "alice@email.com"], ["created_at", "2019-03-01 07:30:14.566316"], ["updated_at", "2019-03-01 07:30:14.566316"]]
  ↳ /home/aaron/Documents/Code/rails/filteron/spec/filteron_spec.rb:31
  [1m[35m (73.3ms)[0m  [1m[36mcommit transaction[0m
  ↳ /home/aaron/Documents/Code/rails/filteron/spec/filteron_spec.rb:31
  [1m[35m (0.1ms)[0m  [1m[36mbegin transaction[0m
  ↳ /home/aaron/Documents/Code/rails/filteron/spec/filteron_spec.rb:32
  [1m[36mUser Create (0.3ms)[0m  [1m[32mINSERT INTO "users" ("name", "email", "created_at", "updated_at") VALUES (?, ?, ?, ?)[0m  [["name", "Bob"], ["email", "bob@email.com"], ["created_at", "2019-03-01 07:30:14.642123"], ["updated_at", "2019-03-01 07:30:14.642123"]]
  ↳ /home/aaron/Documents/Code/rails/filteron/spec/filteron_spec.rb:32
  [1m[35m (97.4ms)[0m  [1m[36mcommit transaction[0m
  ↳ /home/aaron/Documents/Code/rails/filteron/spec/filteron_spec.rb:32
  [1m[36mUser Load (0.4ms)[0m  [1m[34mSELECT "users".* FROM "users" WHERE (email LIKE '%bob%')[0m
  ↳ /home/aaron/Documents/Code/rails/filteron/spec/filteron_spec.rb:35
